<?xml version="1.0" encoding="UTF-8"?>
<testng-results skipped="0" failed="0" ignored="0" total="1" passed="1">
  <reporter-output>
  </reporter-output>
  <suite name="Default suite" duration-ms="29379" started-at="2018-09-11T10:09:14Z" finished-at="2018-09-11T10:09:44Z">
    <groups>
    </groups>
    <test name="Default test" duration-ms="29379" started-at="2018-09-11T10:09:14Z" finished-at="2018-09-11T10:09:44Z">
      <class name="stepDefs.TestCollection">
        <test-method status="PASS" signature="method1()[pri:0, instance:stepDefs.TestCollection@1275dab]" name="method1" duration-ms="29348" started-at="2018-09-11T10:09:14Z" finished-at="2018-09-11T10:09:44Z">
          <reporter-output>
          </reporter-output>
        </test-method> <!-- method1 -->
      </class> <!-- stepDefs.TestCollection -->
    </test> <!-- Default test -->
  </suite> <!-- Default suite -->
</testng-results>
